1000 /home/john/TucSec/2021030061_2021030173_Assigment2/file_0 Sun Nov  3 2024 22:12:05 0 0 d41d8cd98f00b204e9800998ecf8427e
1000 /home/john/TucSec/2021030061_2021030173_Assigment2/file_0 Sun Nov  3 2024 22:12:05 2 0 6eb512cb2557734c63f6fa15ef61ef9f
1000 /home/john/TucSec/2021030061_2021030173_Assigment2/file_1 Sun Nov  3 2024 22:12:05 0 0 d41d8cd98f00b204e9800998ecf8427e
1000 /home/john/TucSec/2021030061_2021030173_Assigment2/file_1 Sun Nov  3 2024 22:12:05 2 0 ba9d332813a722b273a95fa13dd88d94
1000 /home/john/TucSec/2021030061_2021030173_Assigment2/file_2 Sun Nov  3 2024 22:12:05 0 0 d41d8cd98f00b204e9800998ecf8427e
1000 /home/john/TucSec/2021030061_2021030173_Assigment2/file_2 Sun Nov  3 2024 22:12:05 2 0 92ed3b5f07b44bc4f70d0b24d5e1867c
1000 /home/john/TucSec/2021030061_2021030173_Assigment2/file_3 Sun Nov  3 2024 22:12:05 0 0 d41d8cd98f00b204e9800998ecf8427e
1000 /home/john/TucSec/2021030061_2021030173_Assigment2/file_3 Sun Nov  3 2024 22:12:05 2 0 797b373a9c4ec0d6de0a31a90b5bee8e
1000 /home/john/TucSec/2021030061_2021030173_Assigment2/file_4 Sun Nov  3 2024 22:12:05 0 0 d41d8cd98f00b204e9800998ecf8427e
1000 /home/john/TucSec/2021030061_2021030173_Assigment2/file_4 Sun Nov  3 2024 22:12:05 2 0 74a02cce629c5f4c0bd3c0b60db915e4
1000 /home/john/TucSec/2021030061_2021030173_Assigment2/file_5 Sun Nov  3 2024 22:12:05 0 0 d41d8cd98f00b204e9800998ecf8427e
1000 /home/john/TucSec/2021030061_2021030173_Assigment2/file_5 Sun Nov  3 2024 22:12:05 2 0 3d58b0ebc69908c51a9273135f3aac3f
1000 /home/john/TucSec/2021030061_2021030173_Assigment2/file_6 Sun Nov  3 2024 22:12:05 0 0 d41d8cd98f00b204e9800998ecf8427e
1000 /home/john/TucSec/2021030061_2021030173_Assigment2/file_6 Sun Nov  3 2024 22:12:05 2 0 045e4d119474a0ffe08e1632ca286c9c
1000 /home/john/TucSec/2021030061_2021030173_Assigment2/file_7 Sun Nov  3 2024 22:12:05 0 0 d41d8cd98f00b204e9800998ecf8427e
1000 /home/john/TucSec/2021030061_2021030173_Assigment2/file_7 Sun Nov  3 2024 22:12:05 2 0 1813845c8e402f8d0482a5d274dc5596
1000 /home/john/TucSec/2021030061_2021030173_Assigment2/file_8 Sun Nov  3 2024 22:12:05 0 0 d41d8cd98f00b204e9800998ecf8427e
1000 /home/john/TucSec/2021030061_2021030173_Assigment2/file_8 Sun Nov  3 2024 22:12:05 2 0 e4492ed6bafa3b349caf653a02864d67
1000 /home/john/TucSec/2021030061_2021030173_Assigment2/file_9 Sun Nov  3 2024 22:12:05 0 0 d41d8cd98f00b204e9800998ecf8427e
1000 /home/john/TucSec/2021030061_2021030173_Assigment2/file_9 Sun Nov  3 2024 22:12:05 2 0 dd6838271569dbfceb004806672be7d9
1000 /home/john/TucSec/2021030061_2021030173_Assigment2/file_0 Sun Nov  3 2024 22:12:05 2 0 d41d8cd98f00b204e9800998ecf8427e
1000 /home/john/TucSec/2021030061_2021030173_Assigment2/file_0 Sun Nov  3 2024 22:12:05 2 0 6eb512cb2557734c63f6fa15ef61ef9f
1000 /home/john/TucSec/2021030061_2021030173_Assigment2/file_1 Sun Nov  3 2024 22:12:05 2 0 d41d8cd98f00b204e9800998ecf8427e
1000 /home/john/TucSec/2021030061_2021030173_Assigment2/file_1 Sun Nov  3 2024 22:12:05 2 0 ba9d332813a722b273a95fa13dd88d94
1000 /home/john/TucSec/2021030061_2021030173_Assigment2/file_2 Sun Nov  3 2024 22:12:05 2 0 d41d8cd98f00b204e9800998ecf8427e
1000 /home/john/TucSec/2021030061_2021030173_Assigment2/file_2 Sun Nov  3 2024 22:12:05 2 0 92ed3b5f07b44bc4f70d0b24d5e1867c
1000 /home/john/TucSec/2021030061_2021030173_Assigment2/file_3 Sun Nov  3 2024 22:12:05 2 0 d41d8cd98f00b204e9800998ecf8427e
1000 /home/john/TucSec/2021030061_2021030173_Assigment2/file_3 Sun Nov  3 2024 22:12:05 2 0 797b373a9c4ec0d6de0a31a90b5bee8e
1000 /home/john/TucSec/2021030061_2021030173_Assigment2/file_4 Sun Nov  3 2024 22:12:05 2 0 d41d8cd98f00b204e9800998ecf8427e
1000 /home/john/TucSec/2021030061_2021030173_Assigment2/file_4 Sun Nov  3 2024 22:12:05 2 0 74a02cce629c5f4c0bd3c0b60db915e4
1000 /home/john/TucSec/2021030061_2021030173_Assigment2/file_5 Sun Nov  3 2024 22:12:05 2 0 d41d8cd98f00b204e9800998ecf8427e
1000 /home/john/TucSec/2021030061_2021030173_Assigment2/file_5 Sun Nov  3 2024 22:12:05 2 0 3d58b0ebc69908c51a9273135f3aac3f
1000 /home/john/TucSec/2021030061_2021030173_Assigment2/file_6 Sun Nov  3 2024 22:12:05 2 0 d41d8cd98f00b204e9800998ecf8427e
1000 /home/john/TucSec/2021030061_2021030173_Assigment2/file_6 Sun Nov  3 2024 22:12:05 2 0 045e4d119474a0ffe08e1632ca286c9c
1000 /home/john/TucSec/2021030061_2021030173_Assigment2/file_7 Sun Nov  3 2024 22:12:05 2 0 d41d8cd98f00b204e9800998ecf8427e
1000 /home/john/TucSec/2021030061_2021030173_Assigment2/file_7 Sun Nov  3 2024 22:12:05 2 0 1813845c8e402f8d0482a5d274dc5596
1000 /home/john/TucSec/2021030061_2021030173_Assigment2/file_8 Sun Nov  3 2024 22:12:05 2 0 d41d8cd98f00b204e9800998ecf8427e
1000 /home/john/TucSec/2021030061_2021030173_Assigment2/file_8 Sun Nov  3 2024 22:12:05 2 0 e4492ed6bafa3b349caf653a02864d67
1000 /home/john/TucSec/2021030061_2021030173_Assigment2/file_9 Sun Nov  3 2024 22:12:05 2 0 d41d8cd98f00b204e9800998ecf8427e
1000 /home/john/TucSec/2021030061_2021030173_Assigment2/file_9 Sun Nov  3 2024 22:12:05 2 0 dd6838271569dbfceb004806672be7d9
